{"C:\\Users\\gabel\\Documents\\Programação\\VsCode\\Prj - Grandes\\sis.biblioteca-prt\\Biblioteca\\API\\validators.js": {"path":"C:\\Users\\gabel\\Documents\\Programação\\VsCode\\Prj - Grandes\\sis.biblioteca-prt\\Biblioteca\\API\\validators.js","statementMap":{"0":{"start":{"line":15,"column":4},"end":{"line":17,"column":5}},"1":{"start":{"line":16,"column":8},"end":{"line":16,"column":21}},"2":{"start":{"line":19,"column":21},"end":{"line":19,"column":43}},"3":{"start":{"line":20,"column":4},"end":{"line":22,"column":5}},"4":{"start":{"line":21,"column":8},"end":{"line":21,"column":21}},"5":{"start":{"line":23,"column":4},"end":{"line":25,"column":5}},"6":{"start":{"line":24,"column":8},"end":{"line":24,"column":21}},"7":{"start":{"line":27,"column":20},"end":{"line":27,"column":60}},"8":{"start":{"line":27,"column":50},"end":{"line":27,"column":59}},"9":{"start":{"line":30,"column":15},"end":{"line":30,"column":16}},"10":{"start":{"line":31,"column":4},"end":{"line":33,"column":5}},"11":{"start":{"line":31,"column":17},"end":{"line":31,"column":18}},"12":{"start":{"line":32,"column":8},"end":{"line":32,"column":38}},"13":{"start":{"line":34,"column":16},"end":{"line":34,"column":25}},"14":{"start":{"line":35,"column":16},"end":{"line":35,"column":42}},"15":{"start":{"line":36,"column":4},"end":{"line":38,"column":5}},"16":{"start":{"line":37,"column":8},"end":{"line":37,"column":21}},"17":{"start":{"line":41,"column":4},"end":{"line":41,"column":13}},"18":{"start":{"line":42,"column":4},"end":{"line":44,"column":5}},"19":{"start":{"line":42,"column":17},"end":{"line":42,"column":18}},"20":{"start":{"line":43,"column":8},"end":{"line":43,"column":38}},"21":{"start":{"line":45,"column":4},"end":{"line":45,"column":22}},"22":{"start":{"line":46,"column":16},"end":{"line":46,"column":42}},"23":{"start":{"line":47,"column":4},"end":{"line":47,"column":31}},"24":{"start":{"line":56,"column":4},"end":{"line":58,"column":5}},"25":{"start":{"line":57,"column":8},"end":{"line":57,"column":21}},"26":{"start":{"line":60,"column":18},"end":{"line":60,"column":72}},"27":{"start":{"line":61,"column":4},"end":{"line":63,"column":5}},"28":{"start":{"line":62,"column":8},"end":{"line":62,"column":21}},"29":{"start":{"line":65,"column":28},"end":{"line":65,"column":55}},"30":{"start":{"line":66,"column":17},"end":{"line":66,"column":44}},"31":{"start":{"line":68,"column":4},"end":{"line":68,"column":95}},"32":{"start":{"line":77,"column":4},"end":{"line":79,"column":5}},"33":{"start":{"line":78,"column":8},"end":{"line":78,"column":21}},"34":{"start":{"line":80,"column":18},"end":{"line":80,"column":34}},"35":{"start":{"line":81,"column":4},"end":{"line":81,"column":27}},"36":{"start":{"line":90,"column":4},"end":{"line":92,"column":5}},"37":{"start":{"line":91,"column":8},"end":{"line":91,"column":20}},"38":{"start":{"line":93,"column":28},"end":{"line":93,"column":43}},"39":{"start":{"line":94,"column":4},"end":{"line":94,"column":34}},"40":{"start":{"line":103,"column":4},"end":{"line":105,"column":5}},"41":{"start":{"line":104,"column":8},"end":{"line":104,"column":23}},"42":{"start":{"line":107,"column":4},"end":{"line":110,"column":16}},"43":{"start":{"line":120,"column":4},"end":{"line":122,"column":5}},"44":{"start":{"line":121,"column":8},"end":{"line":121,"column":18}},"45":{"start":{"line":124,"column":17},"end":{"line":124,"column":72}},"46":{"start":{"line":125,"column":26},"end":{"line":125,"column":48}},"47":{"start":{"line":126,"column":18},"end":{"line":126,"column":74}},"48":{"start":{"line":128,"column":4},"end":{"line":138,"column":6}},"49":{"start":{"line":147,"column":4},"end":{"line":149,"column":5}},"50":{"start":{"line":148,"column":8},"end":{"line":148,"column":21}},"51":{"start":{"line":150,"column":18},"end":{"line":150,"column":46}},"52":{"start":{"line":151,"column":4},"end":{"line":151,"column":29}},"53":{"start":{"line":162,"column":4},"end":{"line":164,"column":5}},"54":{"start":{"line":163,"column":8},"end":{"line":163,"column":21}},"55":{"start":{"line":165,"column":4},"end":{"line":165,"column":50}}},"fnMap":{"0":{"name":"validarCPF","decl":{"start":{"line":14,"column":16},"end":{"line":14,"column":26}},"loc":{"start":{"line":14,"column":32},"end":{"line":48,"column":1}},"line":14},"1":{"name":"(anonymous_1)","decl":{"start":{"line":27,"column":43},"end":{"line":27,"column":44}},"loc":{"start":{"line":27,"column":50},"end":{"line":27,"column":59}},"line":27},"2":{"name":"validarData","decl":{"start":{"line":55,"column":16},"end":{"line":55,"column":27}},"loc":{"start":{"line":55,"column":34},"end":{"line":69,"column":1}},"line":55},"3":{"name":"validarCEP","decl":{"start":{"line":76,"column":16},"end":{"line":76,"column":26}},"loc":{"start":{"line":76,"column":32},"end":{"line":82,"column":1}},"line":76},"4":{"name":"formatarData","decl":{"start":{"line":89,"column":16},"end":{"line":89,"column":28}},"loc":{"start":{"line":89,"column":35},"end":{"line":95,"column":1}},"line":89},"5":{"name":"sanitizarEntrada","decl":{"start":{"line":102,"column":16},"end":{"line":102,"column":32}},"loc":{"start":{"line":102,"column":42},"end":{"line":111,"column":1}},"line":102},"6":{"name":"sanitizarSQLInjection","decl":{"start":{"line":119,"column":16},"end":{"line":119,"column":37}},"loc":{"start":{"line":119,"column":47},"end":{"line":139,"column":1}},"line":119},"7":{"name":"validarEmail","decl":{"start":{"line":146,"column":16},"end":{"line":146,"column":28}},"loc":{"start":{"line":146,"column":36},"end":{"line":152,"column":1}},"line":146},"8":{"name":"validarComprimento","decl":{"start":{"line":161,"column":16},"end":{"line":161,"column":34}},"loc":{"start":{"line":161,"column":65},"end":{"line":166,"column":1}},"line":161}},"branchMap":{"0":{"loc":{"start":{"line":15,"column":4},"end":{"line":17,"column":5}},"type":"if","locations":[{"start":{"line":15,"column":4},"end":{"line":17,"column":5}},{"start":{},"end":{}}],"line":15},"1":{"loc":{"start":{"line":15,"column":8},"end":{"line":15,"column":39}},"type":"binary-expr","locations":[{"start":{"line":15,"column":8},"end":{"line":15,"column":12}},{"start":{"line":15,"column":16},"end":{"line":15,"column":39}}],"line":15},"2":{"loc":{"start":{"line":20,"column":4},"end":{"line":22,"column":5}},"type":"if","locations":[{"start":{"line":20,"column":4},"end":{"line":22,"column":5}},{"start":{},"end":{}}],"line":20},"3":{"loc":{"start":{"line":23,"column":4},"end":{"line":25,"column":5}},"type":"if","locations":[{"start":{"line":23,"column":4},"end":{"line":25,"column":5}},{"start":{},"end":{}}],"line":23},"4":{"loc":{"start":{"line":35,"column":16},"end":{"line":35,"column":42}},"type":"cond-expr","locations":[{"start":{"line":35,"column":28},"end":{"line":35,"column":29}},{"start":{"line":35,"column":32},"end":{"line":35,"column":42}}],"line":35},"5":{"loc":{"start":{"line":36,"column":4},"end":{"line":38,"column":5}},"type":"if","locations":[{"start":{"line":36,"column":4},"end":{"line":38,"column":5}},{"start":{},"end":{}}],"line":36},"6":{"loc":{"start":{"line":46,"column":16},"end":{"line":46,"column":42}},"type":"cond-expr","locations":[{"start":{"line":46,"column":28},"end":{"line":46,"column":29}},{"start":{"line":46,"column":32},"end":{"line":46,"column":42}}],"line":46},"7":{"loc":{"start":{"line":56,"column":4},"end":{"line":58,"column":5}},"type":"if","locations":[{"start":{"line":56,"column":4},"end":{"line":58,"column":5}},{"start":{},"end":{}}],"line":56},"8":{"loc":{"start":{"line":56,"column":8},"end":{"line":56,"column":41}},"type":"binary-expr","locations":[{"start":{"line":56,"column":8},"end":{"line":56,"column":13}},{"start":{"line":56,"column":17},"end":{"line":56,"column":41}}],"line":56},"9":{"loc":{"start":{"line":61,"column":4},"end":{"line":63,"column":5}},"type":"if","locations":[{"start":{"line":61,"column":4},"end":{"line":63,"column":5}},{"start":{},"end":{}}],"line":61},"10":{"loc":{"start":{"line":68,"column":11},"end":{"line":68,"column":94}},"type":"binary-expr","locations":[{"start":{"line":68,"column":11},"end":{"line":68,"column":37}},{"start":{"line":68,"column":41},"end":{"line":68,"column":68}},{"start":{"line":68,"column":72},"end":{"line":68,"column":94}}],"line":68},"11":{"loc":{"start":{"line":77,"column":4},"end":{"line":79,"column":5}},"type":"if","locations":[{"start":{"line":77,"column":4},"end":{"line":79,"column":5}},{"start":{},"end":{}}],"line":77},"12":{"loc":{"start":{"line":77,"column":8},"end":{"line":77,"column":39}},"type":"binary-expr","locations":[{"start":{"line":77,"column":8},"end":{"line":77,"column":12}},{"start":{"line":77,"column":16},"end":{"line":77,"column":39}}],"line":77},"13":{"loc":{"start":{"line":90,"column":4},"end":{"line":92,"column":5}},"type":"if","locations":[{"start":{"line":90,"column":4},"end":{"line":92,"column":5}},{"start":{},"end":{}}],"line":90},"14":{"loc":{"start":{"line":103,"column":4},"end":{"line":105,"column":5}},"type":"if","locations":[{"start":{"line":103,"column":4},"end":{"line":105,"column":5}},{"start":{},"end":{}}],"line":103},"15":{"loc":{"start":{"line":120,"column":4},"end":{"line":122,"column":5}},"type":"if","locations":[{"start":{"line":120,"column":4},"end":{"line":122,"column":5}},{"start":{},"end":{}}],"line":120},"16":{"loc":{"start":{"line":120,"column":8},"end":{"line":120,"column":49}},"type":"binary-expr","locations":[{"start":{"line":120,"column":8},"end":{"line":120,"column":24}},{"start":{"line":120,"column":28},"end":{"line":120,"column":49}}],"line":120},"17":{"loc":{"start":{"line":124,"column":17},"end":{"line":124,"column":72}},"type":"cond-expr","locations":[{"start":{"line":124,"column":47},"end":{"line":124,"column":54}},{"start":{"line":124,"column":57},"end":{"line":124,"column":72}}],"line":124},"18":{"loc":{"start":{"line":126,"column":18},"end":{"line":126,"column":74}},"type":"cond-expr","locations":[{"start":{"line":126,"column":54},"end":{"line":126,"column":67}},{"start":{"line":126,"column":70},"end":{"line":126,"column":74}}],"line":126},"19":{"loc":{"start":{"line":147,"column":4},"end":{"line":149,"column":5}},"type":"if","locations":[{"start":{"line":147,"column":4},"end":{"line":149,"column":5}},{"start":{},"end":{}}],"line":147},"20":{"loc":{"start":{"line":147,"column":8},"end":{"line":147,"column":43}},"type":"binary-expr","locations":[{"start":{"line":147,"column":8},"end":{"line":147,"column":14}},{"start":{"line":147,"column":18},"end":{"line":147,"column":43}}],"line":147},"21":{"loc":{"start":{"line":161,"column":40},"end":{"line":161,"column":47}},"type":"default-arg","locations":[{"start":{"line":161,"column":46},"end":{"line":161,"column":47}}],"line":161},"22":{"loc":{"start":{"line":161,"column":49},"end":{"line":161,"column":63}},"type":"default-arg","locations":[{"start":{"line":161,"column":55},"end":{"line":161,"column":63}}],"line":161},"23":{"loc":{"start":{"line":162,"column":4},"end":{"line":164,"column":5}},"type":"if","locations":[{"start":{"line":162,"column":4},"end":{"line":164,"column":5}},{"start":{},"end":{}}],"line":162},"24":{"loc":{"start":{"line":165,"column":11},"end":{"line":165,"column":49}},"type":"binary-expr","locations":[{"start":{"line":165,"column":11},"end":{"line":165,"column":28}},{"start":{"line":165,"column":32},"end":{"line":165,"column":49}}],"line":165}},"s":{"0":10,"1":3,"2":7,"3":7,"4":2,"5":5,"6":2,"7":3,"8":33,"9":3,"10":3,"11":3,"12":27,"13":3,"14":3,"15":3,"16":0,"17":3,"18":3,"19":3,"20":30,"21":3,"22":3,"23":3,"24":15,"25":3,"26":12,"27":12,"28":5,"29":7,"30":7,"31":7,"32":9,"33":3,"34":6,"35":6,"36":0,"37":0,"38":0,"39":0,"40":9,"41":0,"42":9,"43":10,"44":1,"45":9,"46":9,"47":9,"48":9,"49":0,"50":0,"51":0,"52":0,"53":0,"54":0,"55":0},"f":{"0":10,"1":33,"2":15,"3":9,"4":0,"5":9,"6":10,"7":0,"8":0},"b":{"0":[3,7],"1":[10,7],"2":[2,5],"3":[2,3],"4":[3,0],"5":[0,3],"6":[0,3],"7":[3,12],"8":[15,12],"9":[5,7],"10":[7,7,5],"11":[3,6],"12":[9,6],"13":[0,0],"14":[0,9],"15":[1,9],"16":[10,9],"17":[9,0],"18":[9,0],"19":[0,0],"20":[0,0],"21":[0],"22":[0],"23":[0,0],"24":[0,0]},"_coverageSchema":"1a1c01bbd47fc00a2c39e90264f33305004495a9","hash":"30f0cb3c5034977502377186012258c67ce25397"}
,"C:\\Users\\gabel\\Documents\\Programação\\VsCode\\Prj - Grandes\\sis.biblioteca-prt\\Biblioteca\\API\\auth\\jwt.js": {"path":"C:\\Users\\gabel\\Documents\\Programação\\VsCode\\Prj - Grandes\\sis.biblioteca-prt\\Biblioteca\\API\\auth\\jwt.js","statementMap":{"0":{"start":{"line":9,"column":19},"end":{"line":9,"column":82}},"1":{"start":{"line":10,"column":27},"end":{"line":10,"column":98}},"2":{"start":{"line":13,"column":28},"end":{"line":13,"column":33}},"3":{"start":{"line":14,"column":29},"end":{"line":14,"column":33}},"4":{"start":{"line":22,"column":4},"end":{"line":26,"column":7}},"5":{"start":{"line":35,"column":4},"end":{"line":39,"column":7}},"6":{"start":{"line":48,"column":4},"end":{"line":61,"column":5}},"7":{"start":{"line":49,"column":8},"end":{"line":52,"column":11}},"8":{"start":{"line":54,"column":8},"end":{"line":56,"column":9}},"9":{"start":{"line":55,"column":12},"end":{"line":55,"column":46}},"10":{"start":{"line":57,"column":8},"end":{"line":59,"column":9}},"11":{"start":{"line":58,"column":12},"end":{"line":58,"column":46}},"12":{"start":{"line":60,"column":8},"end":{"line":60,"column":20}},"13":{"start":{"line":70,"column":4},"end":{"line":83,"column":5}},"14":{"start":{"line":71,"column":8},"end":{"line":74,"column":11}},"15":{"start":{"line":76,"column":8},"end":{"line":78,"column":9}},"16":{"start":{"line":77,"column":12},"end":{"line":77,"column":54}},"17":{"start":{"line":79,"column":8},"end":{"line":81,"column":9}},"18":{"start":{"line":80,"column":12},"end":{"line":80,"column":54}},"19":{"start":{"line":82,"column":8},"end":{"line":82,"column":20}},"20":{"start":{"line":92,"column":4},"end":{"line":94,"column":5}},"21":{"start":{"line":93,"column":8},"end":{"line":93,"column":20}},"22":{"start":{"line":95,"column":4},"end":{"line":95,"column":35}},"23":{"start":{"line":104,"column":20},"end":{"line":108,"column":5}},"24":{"start":{"line":110,"column":24},"end":{"line":110,"column":49}},"25":{"start":{"line":111,"column":25},"end":{"line":114,"column":6}},"26":{"start":{"line":116,"column":4},"end":{"line":116,"column":41}}},"fnMap":{"0":{"name":"gerarAccessToken","decl":{"start":{"line":21,"column":16},"end":{"line":21,"column":32}},"loc":{"start":{"line":21,"column":42},"end":{"line":27,"column":1}},"line":21},"1":{"name":"gerarRefreshToken","decl":{"start":{"line":34,"column":16},"end":{"line":34,"column":33}},"loc":{"start":{"line":34,"column":43},"end":{"line":40,"column":1}},"line":34},"2":{"name":"verificarAccessToken","decl":{"start":{"line":47,"column":16},"end":{"line":47,"column":36}},"loc":{"start":{"line":47,"column":44},"end":{"line":62,"column":1}},"line":47},"3":{"name":"verificarRefreshToken","decl":{"start":{"line":69,"column":16},"end":{"line":69,"column":37}},"loc":{"start":{"line":69,"column":45},"end":{"line":84,"column":1}},"line":69},"4":{"name":"extrairTokenDoHeader","decl":{"start":{"line":91,"column":16},"end":{"line":91,"column":36}},"loc":{"start":{"line":91,"column":49},"end":{"line":96,"column":1}},"line":91},"5":{"name":"gerarParTokens","decl":{"start":{"line":103,"column":16},"end":{"line":103,"column":30}},"loc":{"start":{"line":103,"column":40},"end":{"line":117,"column":1}},"line":103}},"branchMap":{"0":{"loc":{"start":{"line":9,"column":19},"end":{"line":9,"column":82}},"type":"binary-expr","locations":[{"start":{"line":9,"column":19},"end":{"line":9,"column":41}},{"start":{"line":9,"column":45},"end":{"line":9,"column":82}}],"line":9},"1":{"loc":{"start":{"line":10,"column":27},"end":{"line":10,"column":98}},"type":"binary-expr","locations":[{"start":{"line":10,"column":27},"end":{"line":10,"column":57}},{"start":{"line":10,"column":61},"end":{"line":10,"column":98}}],"line":10},"2":{"loc":{"start":{"line":54,"column":8},"end":{"line":56,"column":9}},"type":"if","locations":[{"start":{"line":54,"column":8},"end":{"line":56,"column":9}},{"start":{},"end":{}}],"line":54},"3":{"loc":{"start":{"line":57,"column":8},"end":{"line":59,"column":9}},"type":"if","locations":[{"start":{"line":57,"column":8},"end":{"line":59,"column":9}},{"start":{},"end":{}}],"line":57},"4":{"loc":{"start":{"line":76,"column":8},"end":{"line":78,"column":9}},"type":"if","locations":[{"start":{"line":76,"column":8},"end":{"line":78,"column":9}},{"start":{},"end":{}}],"line":76},"5":{"loc":{"start":{"line":79,"column":8},"end":{"line":81,"column":9}},"type":"if","locations":[{"start":{"line":79,"column":8},"end":{"line":81,"column":9}},{"start":{},"end":{}}],"line":79},"6":{"loc":{"start":{"line":92,"column":4},"end":{"line":94,"column":5}},"type":"if","locations":[{"start":{"line":92,"column":4},"end":{"line":94,"column":5}},{"start":{},"end":{}}],"line":92},"7":{"loc":{"start":{"line":92,"column":8},"end":{"line":92,"column":56}},"type":"binary-expr","locations":[{"start":{"line":92,"column":8},"end":{"line":92,"column":19}},{"start":{"line":92,"column":23},"end":{"line":92,"column":56}}],"line":92},"8":{"loc":{"start":{"line":107,"column":14},"end":{"line":107,"column":36}},"type":"binary-expr","locations":[{"start":{"line":107,"column":14},"end":{"line":107,"column":26}},{"start":{"line":107,"column":30},"end":{"line":107,"column":36}}],"line":107}},"s":{"0":0,"1":0,"2":0,"3":0,"4":0,"5":0,"6":0,"7":0,"8":0,"9":0,"10":0,"11":0,"12":0,"13":0,"14":0,"15":0,"16":0,"17":0,"18":0,"19":0,"20":0,"21":0,"22":0,"23":0,"24":0,"25":0,"26":0},"f":{"0":0,"1":0,"2":0,"3":0,"4":0,"5":0},"b":{"0":[0,0],"1":[0,0],"2":[0,0],"3":[0,0],"4":[0,0],"5":[0,0],"6":[0,0],"7":[0,0],"8":[0,0]}}
,"C:\\Users\\gabel\\Documents\\Programação\\VsCode\\Prj - Grandes\\sis.biblioteca-prt\\Biblioteca\\API\\auth\\middleware.js": {"path":"C:\\Users\\gabel\\Documents\\Programação\\VsCode\\Prj - Grandes\\sis.biblioteca-prt\\Biblioteca\\API\\auth\\middleware.js","statementMap":{"0":{"start":{"line":13,"column":4},"end":{"line":54,"column":5}},"1":{"start":{"line":14,"column":27},"end":{"line":14,"column":55}},"2":{"start":{"line":15,"column":22},"end":{"line":15,"column":54}},"3":{"start":{"line":17,"column":8},"end":{"line":22,"column":9}},"4":{"start":{"line":18,"column":12},"end":{"line":21,"column":15}},"5":{"start":{"line":25,"column":24},"end":{"line":25,"column":51}},"6":{"start":{"line":28,"column":8},"end":{"line":32,"column":10}},"7":{"start":{"line":34,"column":8},"end":{"line":34,"column":15}},"8":{"start":{"line":36,"column":8},"end":{"line":41,"column":9}},"9":{"start":{"line":37,"column":12},"end":{"line":40,"column":15}},"10":{"start":{"line":43,"column":8},"end":{"line":48,"column":9}},"11":{"start":{"line":44,"column":12},"end":{"line":47,"column":15}},"12":{"start":{"line":50,"column":8},"end":{"line":53,"column":11}},"13":{"start":{"line":62,"column":4},"end":{"line":80,"column":6}},"14":{"start":{"line":63,"column":8},"end":{"line":68,"column":9}},"15":{"start":{"line":64,"column":12},"end":{"line":67,"column":15}},"16":{"start":{"line":70,"column":8},"end":{"line":77,"column":9}},"17":{"start":{"line":71,"column":12},"end":{"line":76,"column":15}},"18":{"start":{"line":79,"column":8},"end":{"line":79,"column":15}},"19":{"start":{"line":89,"column":4},"end":{"line":106,"column":5}},"20":{"start":{"line":90,"column":27},"end":{"line":90,"column":55}},"21":{"start":{"line":91,"column":22},"end":{"line":91,"column":54}},"22":{"start":{"line":93,"column":8},"end":{"line":100,"column":9}},"23":{"start":{"line":94,"column":28},"end":{"line":94,"column":55}},"24":{"start":{"line":95,"column":12},"end":{"line":99,"column":14}},"25":{"start":{"line":102,"column":8},"end":{"line":102,"column":15}},"26":{"start":{"line":105,"column":8},"end":{"line":105,"column":15}}},"fnMap":{"0":{"name":"autenticarToken","decl":{"start":{"line":12,"column":16},"end":{"line":12,"column":31}},"loc":{"start":{"line":12,"column":48},"end":{"line":55,"column":1}},"line":12},"1":{"name":"verificarRole","decl":{"start":{"line":61,"column":16},"end":{"line":61,"column":29}},"loc":{"start":{"line":61,"column":50},"end":{"line":81,"column":1}},"line":61},"2":{"name":"(anonymous_2)","decl":{"start":{"line":62,"column":11},"end":{"line":62,"column":12}},"loc":{"start":{"line":62,"column":31},"end":{"line":80,"column":5}},"line":62},"3":{"name":"autenticacaoOpcional","decl":{"start":{"line":88,"column":16},"end":{"line":88,"column":36}},"loc":{"start":{"line":88,"column":53},"end":{"line":107,"column":1}},"line":88}},"branchMap":{"0":{"loc":{"start":{"line":17,"column":8},"end":{"line":22,"column":9}},"type":"if","locations":[{"start":{"line":17,"column":8},"end":{"line":22,"column":9}},{"start":{},"end":{}}],"line":17},"1":{"loc":{"start":{"line":36,"column":8},"end":{"line":41,"column":9}},"type":"if","locations":[{"start":{"line":36,"column":8},"end":{"line":41,"column":9}},{"start":{},"end":{}}],"line":36},"2":{"loc":{"start":{"line":43,"column":8},"end":{"line":48,"column":9}},"type":"if","locations":[{"start":{"line":43,"column":8},"end":{"line":48,"column":9}},{"start":{},"end":{}}],"line":43},"3":{"loc":{"start":{"line":63,"column":8},"end":{"line":68,"column":9}},"type":"if","locations":[{"start":{"line":63,"column":8},"end":{"line":68,"column":9}},{"start":{},"end":{}}],"line":63},"4":{"loc":{"start":{"line":70,"column":8},"end":{"line":77,"column":9}},"type":"if","locations":[{"start":{"line":70,"column":8},"end":{"line":77,"column":9}},{"start":{},"end":{}}],"line":70},"5":{"loc":{"start":{"line":93,"column":8},"end":{"line":100,"column":9}},"type":"if","locations":[{"start":{"line":93,"column":8},"end":{"line":100,"column":9}},{"start":{},"end":{}}],"line":93}},"s":{"0":0,"1":0,"2":0,"3":0,"4":0,"5":0,"6":0,"7":0,"8":0,"9":0,"10":0,"11":0,"12":0,"13":0,"14":0,"15":0,"16":0,"17":0,"18":0,"19":0,"20":0,"21":0,"22":0,"23":0,"24":0,"25":0,"26":0},"f":{"0":0,"1":0,"2":0,"3":0},"b":{"0":[0,0],"1":[0,0],"2":[0,0],"3":[0,0],"4":[0,0],"5":[0,0]}}
,"C:\\Users\\gabel\\Documents\\Programação\\VsCode\\Prj - Grandes\\sis.biblioteca-prt\\Biblioteca\\API\\middleware\\rateLimiter.js": {"path":"C:\\Users\\gabel\\Documents\\Programação\\VsCode\\Prj - Grandes\\sis.biblioteca-prt\\Biblioteca\\API\\middleware\\rateLimiter.js","statementMap":{"0":{"start":{"line":12,"column":28},"end":{"line":29,"column":2}},"1":{"start":{"line":23,"column":8},"end":{"line":27,"column":11}},"2":{"start":{"line":36,"column":27},"end":{"line":51,"column":2}},"3":{"start":{"line":45,"column":8},"end":{"line":49,"column":11}},"4":{"start":{"line":57,"column":31},"end":{"line":71,"column":2}},"5":{"start":{"line":65,"column":8},"end":{"line":69,"column":11}},"6":{"start":{"line":77,"column":31},"end":{"line":91,"column":2}},"7":{"start":{"line":85,"column":8},"end":{"line":89,"column":11}},"8":{"start":{"line":97,"column":31},"end":{"line":106,"column":2}}},"fnMap":{"0":{"name":"(anonymous_0)","decl":{"start":{"line":22,"column":13},"end":{"line":22,"column":14}},"loc":{"start":{"line":22,"column":27},"end":{"line":28,"column":5}},"line":22},"1":{"name":"(anonymous_1)","decl":{"start":{"line":44,"column":13},"end":{"line":44,"column":14}},"loc":{"start":{"line":44,"column":27},"end":{"line":50,"column":5}},"line":44},"2":{"name":"(anonymous_2)","decl":{"start":{"line":64,"column":13},"end":{"line":64,"column":14}},"loc":{"start":{"line":64,"column":27},"end":{"line":70,"column":5}},"line":64},"3":{"name":"(anonymous_3)","decl":{"start":{"line":84,"column":13},"end":{"line":84,"column":14}},"loc":{"start":{"line":84,"column":27},"end":{"line":90,"column":5}},"line":84}},"branchMap":{},"s":{"0":0,"1":0,"2":0,"3":0,"4":0,"5":0,"6":0,"7":0,"8":0},"f":{"0":0,"1":0,"2":0,"3":0},"b":{}}
,"C:\\Users\\gabel\\Documents\\Programação\\VsCode\\Prj - Grandes\\sis.biblioteca-prt\\Biblioteca\\API\\utils\\logger.js": {"path":"C:\\Users\\gabel\\Documents\\Programação\\VsCode\\Prj - Grandes\\sis.biblioteca-prt\\Biblioteca\\API\\utils\\logger.js","statementMap":{"0":{"start":{"line":10,"column":18},"end":{"line":10,"column":62}},"1":{"start":{"line":13,"column":15},"end":{"line":19,"column":1}},"2":{"start":{"line":22,"column":15},"end":{"line":28,"column":1}},"3":{"start":{"line":30,"column":0},"end":{"line":30,"column":26}},"4":{"start":{"line":33,"column":15},"end":{"line":37,"column":1}},"5":{"start":{"line":36,"column":36},"end":{"line":36,"column":86}},"6":{"start":{"line":40,"column":19},"end":{"line":72,"column":1}},"7":{"start":{"line":49,"column":44},"end":{"line":49,"column":94}},"8":{"start":{"line":59,"column":44},"end":{"line":59,"column":94}},"9":{"start":{"line":69,"column":44},"end":{"line":69,"column":94}},"10":{"start":{"line":75,"column":15},"end":{"line":80,"column":2}},"11":{"start":{"line":89,"column":18},"end":{"line":89,"column":28}},"12":{"start":{"line":92,"column":4},"end":{"line":92,"column":45}},"13":{"start":{"line":95,"column":25},"end":{"line":95,"column":33}},"14":{"start":{"line":97,"column":4},"end":{"line":107,"column":6}},"15":{"start":{"line":98,"column":25},"end":{"line":98,"column":43}},"16":{"start":{"line":99,"column":8},"end":{"line":99,"column":93}},"17":{"start":{"line":102,"column":8},"end":{"line":104,"column":9}},"18":{"start":{"line":103,"column":12},"end":{"line":103,"column":93}},"19":{"start":{"line":106,"column":8},"end":{"line":106,"column":38}},"20":{"start":{"line":109,"column":4},"end":{"line":109,"column":11}},"21":{"start":{"line":116,"column":25},"end":{"line":116,"column":85}},"22":{"start":{"line":117,"column":4},"end":{"line":117,"column":31}},"23":{"start":{"line":119,"column":4},"end":{"line":121,"column":5}},"24":{"start":{"line":120,"column":8},"end":{"line":120,"column":34}},"25":{"start":{"line":128,"column":4},"end":{"line":128,"column":25}},"26":{"start":{"line":129,"column":4},"end":{"line":131,"column":5}},"27":{"start":{"line":130,"column":8},"end":{"line":130,"column":43}},"28":{"start":{"line":138,"column":4},"end":{"line":138,"column":26}},"29":{"start":{"line":139,"column":4},"end":{"line":141,"column":5}},"30":{"start":{"line":140,"column":8},"end":{"line":140,"column":52}}},"fnMap":{"0":{"name":"(anonymous_0)","decl":{"start":{"line":36,"column":26},"end":{"line":36,"column":27}},"loc":{"start":{"line":36,"column":36},"end":{"line":36,"column":86}},"line":36},"1":{"name":"(anonymous_1)","decl":{"start":{"line":49,"column":34},"end":{"line":49,"column":35}},"loc":{"start":{"line":49,"column":44},"end":{"line":49,"column":94}},"line":49},"2":{"name":"(anonymous_2)","decl":{"start":{"line":59,"column":34},"end":{"line":59,"column":35}},"loc":{"start":{"line":59,"column":44},"end":{"line":59,"column":94}},"line":59},"3":{"name":"(anonymous_3)","decl":{"start":{"line":69,"column":34},"end":{"line":69,"column":35}},"loc":{"start":{"line":69,"column":44},"end":{"line":69,"column":94}},"line":69},"4":{"name":"loggerMiddleware","decl":{"start":{"line":88,"column":16},"end":{"line":88,"column":32}},"loc":{"start":{"line":88,"column":49},"end":{"line":110,"column":1}},"line":88},"5":{"name":"(anonymous_5)","decl":{"start":{"line":97,"column":15},"end":{"line":97,"column":16}},"loc":{"start":{"line":97,"column":31},"end":{"line":107,"column":5}},"line":97},"6":{"name":"logError","decl":{"start":{"line":115,"column":16},"end":{"line":115,"column":24}},"loc":{"start":{"line":115,"column":46},"end":{"line":122,"column":1}},"line":115},"7":{"name":"logSuccess","decl":{"start":{"line":127,"column":16},"end":{"line":127,"column":26}},"loc":{"start":{"line":127,"column":49},"end":{"line":132,"column":1}},"line":127},"8":{"name":"logDebug","decl":{"start":{"line":137,"column":16},"end":{"line":137,"column":24}},"loc":{"start":{"line":137,"column":47},"end":{"line":142,"column":1}},"line":137}},"branchMap":{"0":{"loc":{"start":{"line":76,"column":11},"end":{"line":76,"column":43}},"type":"binary-expr","locations":[{"start":{"line":76,"column":11},"end":{"line":76,"column":32}},{"start":{"line":76,"column":36},"end":{"line":76,"column":43}}],"line":76},"1":{"loc":{"start":{"line":102,"column":8},"end":{"line":104,"column":9}},"type":"if","locations":[{"start":{"line":102,"column":8},"end":{"line":104,"column":9}},{"start":{},"end":{}}],"line":102},"2":{"loc":{"start":{"line":115,"column":32},"end":{"line":115,"column":44}},"type":"default-arg","locations":[{"start":{"line":115,"column":42},"end":{"line":115,"column":44}}],"line":115},"3":{"loc":{"start":{"line":116,"column":28},"end":{"line":116,"column":58}},"type":"cond-expr","locations":[{"start":{"line":116,"column":38},"end":{"line":116,"column":53}},{"start":{"line":116,"column":56},"end":{"line":116,"column":58}}],"line":116},"4":{"loc":{"start":{"line":116,"column":61},"end":{"line":116,"column":83}},"type":"binary-expr","locations":[{"start":{"line":116,"column":61},"end":{"line":116,"column":74}},{"start":{"line":116,"column":78},"end":{"line":116,"column":83}}],"line":116},"5":{"loc":{"start":{"line":119,"column":4},"end":{"line":121,"column":5}},"type":"if","locations":[{"start":{"line":119,"column":4},"end":{"line":121,"column":5}},{"start":{},"end":{}}],"line":119},"6":{"loc":{"start":{"line":119,"column":8},"end":{"line":119,"column":61}},"type":"binary-expr","locations":[{"start":{"line":119,"column":8},"end":{"line":119,"column":46}},{"start":{"line":119,"column":50},"end":{"line":119,"column":61}}],"line":119},"7":{"loc":{"start":{"line":127,"column":36},"end":{"line":127,"column":47}},"type":"default-arg","locations":[{"start":{"line":127,"column":43},"end":{"line":127,"column":47}}],"line":127},"8":{"loc":{"start":{"line":129,"column":4},"end":{"line":131,"column":5}},"type":"if","locations":[{"start":{"line":129,"column":4},"end":{"line":131,"column":5}},{"start":{},"end":{}}],"line":129},"9":{"loc":{"start":{"line":129,"column":8},"end":{"line":129,"column":54}},"type":"binary-expr","locations":[{"start":{"line":129,"column":8},"end":{"line":129,"column":12}},{"start":{"line":129,"column":16},"end":{"line":129,"column":54}}],"line":129},"10":{"loc":{"start":{"line":137,"column":34},"end":{"line":137,"column":45}},"type":"default-arg","locations":[{"start":{"line":137,"column":41},"end":{"line":137,"column":45}}],"line":137},"11":{"loc":{"start":{"line":139,"column":4},"end":{"line":141,"column":5}},"type":"if","locations":[{"start":{"line":139,"column":4},"end":{"line":141,"column":5}},{"start":{},"end":{}}],"line":139}},"s":{"0":0,"1":0,"2":0,"3":0,"4":0,"5":0,"6":0,"7":0,"8":0,"9":0,"10":0,"11":0,"12":0,"13":0,"14":0,"15":0,"16":0,"17":0,"18":0,"19":0,"20":0,"21":0,"22":0,"23":0,"24":0,"25":0,"26":0,"27":0,"28":0,"29":0,"30":0},"f":{"0":0,"1":0,"2":0,"3":0,"4":0,"5":0,"6":0,"7":0,"8":0},"b":{"0":[0,0],"1":[0,0],"2":[0],"3":[0,0],"4":[0,0],"5":[0,0],"6":[0,0],"7":[0],"8":[0,0],"9":[0,0],"10":[0],"11":[0,0]}}
}
