TN:
SF:validators.js
FN:14,validarCPF
FN:27,(anonymous_1)
FN:55,validarData
FN:76,validarCEP
FN:89,formatarData
FN:102,sanitizarEntrada
FN:119,sanitizarSQLInjection
FN:146,validarEmail
FN:161,validarComprimento
FNF:9
FNH:6
FNDA:10,validarCPF
FNDA:33,(anonymous_1)
FNDA:15,validarData
FNDA:9,validarCEP
FNDA:0,formatarData
FNDA:9,sanitizarEntrada
FNDA:10,sanitizarSQLInjection
FNDA:0,validarEmail
FNDA:0,validarComprimento
DA:15,10
DA:16,3
DA:19,7
DA:20,7
DA:21,2
DA:23,5
DA:24,2
DA:27,33
DA:30,3
DA:31,3
DA:32,27
DA:34,3
DA:35,3
DA:36,3
DA:37,0
DA:41,3
DA:42,3
DA:43,30
DA:45,3
DA:46,3
DA:47,3
DA:56,15
DA:57,3
DA:60,12
DA:61,12
DA:62,5
DA:65,7
DA:66,7
DA:68,7
DA:77,9
DA:78,3
DA:80,6
DA:81,6
DA:90,0
DA:91,0
DA:93,0
DA:94,0
DA:103,9
DA:104,0
DA:107,9
DA:120,10
DA:121,1
DA:124,9
DA:125,9
DA:126,9
DA:128,9
DA:147,0
DA:148,0
DA:150,0
DA:151,0
DA:162,0
DA:163,0
DA:165,0
LF:53
LH:40
BRDA:15,0,0,3
BRDA:15,0,1,7
BRDA:15,1,0,10
BRDA:15,1,1,7
BRDA:20,2,0,2
BRDA:20,2,1,5
BRDA:23,3,0,2
BRDA:23,3,1,3
BRDA:35,4,0,3
BRDA:35,4,1,0
BRDA:36,5,0,0
BRDA:36,5,1,3
BRDA:46,6,0,0
BRDA:46,6,1,3
BRDA:56,7,0,3
BRDA:56,7,1,12
BRDA:56,8,0,15
BRDA:56,8,1,12
BRDA:61,9,0,5
BRDA:61,9,1,7
BRDA:68,10,0,7
BRDA:68,10,1,7
BRDA:68,10,2,5
BRDA:77,11,0,3
BRDA:77,11,1,6
BRDA:77,12,0,9
BRDA:77,12,1,6
BRDA:90,13,0,0
BRDA:90,13,1,0
BRDA:103,14,0,0
BRDA:103,14,1,9
BRDA:120,15,0,1
BRDA:120,15,1,9
BRDA:120,16,0,10
BRDA:120,16,1,9
BRDA:124,17,0,9
BRDA:124,17,1,0
BRDA:126,18,0,9
BRDA:126,18,1,0
BRDA:147,19,0,0
BRDA:147,19,1,0
BRDA:147,20,0,0
BRDA:147,20,1,0
BRDA:161,21,0,0
BRDA:161,22,0,0
BRDA:162,23,0,0
BRDA:162,23,1,0
BRDA:165,24,0,0
BRDA:165,24,1,0
BRF:49
BRH:31
end_of_record
TN:
SF:auth\jwt.js
FN:21,gerarAccessToken
FN:34,gerarRefreshToken
FN:47,verificarAccessToken
FN:69,verificarRefreshToken
FN:91,extrairTokenDoHeader
FN:103,gerarParTokens
FNF:6
FNH:0
FNDA:0,gerarAccessToken
FNDA:0,gerarRefreshToken
FNDA:0,verificarAccessToken
FNDA:0,verificarRefreshToken
FNDA:0,extrairTokenDoHeader
FNDA:0,gerarParTokens
DA:9,0
DA:10,0
DA:13,0
DA:14,0
DA:22,0
DA:35,0
DA:48,0
DA:49,0
DA:54,0
DA:55,0
DA:57,0
DA:58,0
DA:60,0
DA:70,0
DA:71,0
DA:76,0
DA:77,0
DA:79,0
DA:80,0
DA:82,0
DA:92,0
DA:93,0
DA:95,0
DA:104,0
DA:110,0
DA:111,0
DA:116,0
LF:27
LH:0
BRDA:9,0,0,0
BRDA:9,0,1,0
BRDA:10,1,0,0
BRDA:10,1,1,0
BRDA:54,2,0,0
BRDA:54,2,1,0
BRDA:57,3,0,0
BRDA:57,3,1,0
BRDA:76,4,0,0
BRDA:76,4,1,0
BRDA:79,5,0,0
BRDA:79,5,1,0
BRDA:92,6,0,0
BRDA:92,6,1,0
BRDA:92,7,0,0
BRDA:92,7,1,0
BRDA:107,8,0,0
BRDA:107,8,1,0
BRF:18
BRH:0
end_of_record
TN:
SF:auth\middleware.js
FN:12,autenticarToken
FN:61,verificarRole
FN:62,(anonymous_2)
FN:88,autenticacaoOpcional
FNF:4
FNH:0
FNDA:0,autenticarToken
FNDA:0,verificarRole
FNDA:0,(anonymous_2)
FNDA:0,autenticacaoOpcional
DA:13,0
DA:14,0
DA:15,0
DA:17,0
DA:18,0
DA:25,0
DA:28,0
DA:34,0
DA:36,0
DA:37,0
DA:43,0
DA:44,0
DA:50,0
DA:62,0
DA:63,0
DA:64,0
DA:70,0
DA:71,0
DA:79,0
DA:89,0
DA:90,0
DA:91,0
DA:93,0
DA:94,0
DA:95,0
DA:102,0
DA:105,0
LF:27
LH:0
BRDA:17,0,0,0
BRDA:17,0,1,0
BRDA:36,1,0,0
BRDA:36,1,1,0
BRDA:43,2,0,0
BRDA:43,2,1,0
BRDA:63,3,0,0
BRDA:63,3,1,0
BRDA:70,4,0,0
BRDA:70,4,1,0
BRDA:93,5,0,0
BRDA:93,5,1,0
BRF:12
BRH:0
end_of_record
TN:
SF:middleware\rateLimiter.js
FN:22,(anonymous_0)
FN:44,(anonymous_1)
FN:64,(anonymous_2)
FN:84,(anonymous_3)
FNF:4
FNH:0
FNDA:0,(anonymous_0)
FNDA:0,(anonymous_1)
FNDA:0,(anonymous_2)
FNDA:0,(anonymous_3)
DA:12,0
DA:23,0
DA:36,0
DA:45,0
DA:57,0
DA:65,0
DA:77,0
DA:85,0
DA:97,0
LF:9
LH:0
BRF:0
BRH:0
end_of_record
TN:
SF:utils\logger.js
FN:36,(anonymous_0)
FN:49,(anonymous_1)
FN:59,(anonymous_2)
FN:69,(anonymous_3)
FN:88,loggerMiddleware
FN:97,(anonymous_5)
FN:115,logError
FN:127,logSuccess
FN:137,logDebug
FNF:9
FNH:0
FNDA:0,(anonymous_0)
FNDA:0,(anonymous_1)
FNDA:0,(anonymous_2)
FNDA:0,(anonymous_3)
FNDA:0,loggerMiddleware
FNDA:0,(anonymous_5)
FNDA:0,logError
FNDA:0,logSuccess
FNDA:0,logDebug
DA:10,0
DA:13,0
DA:22,0
DA:30,0
DA:33,0
DA:36,0
DA:40,0
DA:49,0
DA:59,0
DA:69,0
DA:75,0
DA:89,0
DA:92,0
DA:95,0
DA:97,0
DA:98,0
DA:99,0
DA:102,0
DA:103,0
DA:106,0
DA:109,0
DA:116,0
DA:117,0
DA:119,0
DA:120,0
DA:128,0
DA:129,0
DA:130,0
DA:138,0
DA:139,0
DA:140,0
LF:31
LH:0
BRDA:76,0,0,0
BRDA:76,0,1,0
BRDA:102,1,0,0
BRDA:102,1,1,0
BRDA:115,2,0,0
BRDA:116,3,0,0
BRDA:116,3,1,0
BRDA:116,4,0,0
BRDA:116,4,1,0
BRDA:119,5,0,0
BRDA:119,5,1,0
BRDA:119,6,0,0
BRDA:119,6,1,0
BRDA:127,7,0,0
BRDA:129,8,0,0
BRDA:129,8,1,0
BRDA:129,9,0,0
BRDA:129,9,1,0
BRDA:137,10,0,0
BRDA:139,11,0,0
BRDA:139,11,1,0
BRF:21
BRH:0
end_of_record
